<?xml version="1.0" encoding="UTF-8"?>
<!-- Generated by org.testng.reporters.JUnitReportReporter -->
<testsuite skipped="0" hostname="qitmac000442deMacBook-Pro.local" name="DemoXunit.ShoppingTest" tests="1" failures="0" timestamp="21 十二月 2018 10:11:42 GMT" time="0.028" errors="0">
  <testcase name="testS" time="0.028" classname="DemoXunit.ShoppingTest"/>
</testsuite> <!-- DemoXunit.ShoppingTest -->
