<?xml version="1.0" encoding="UTF-8"?>
<!-- Generated by org.testng.reporters.JUnitReportReporter -->
<testsuite skipped="0" hostname="out-backup.bta.net.cn" name="TestXunit.ShoppingTest" tests="3" failures="0" timestamp="23 十二月 2018 14:18:11 GMT" time="0.001" errors="0">
  <testcase name="testGetPrice" time="0.000" classname="TestXunit.ShoppingTest"/>
  <testcase name="testGetPrice" time="0.001" classname="TestXunit.ShoppingTest"/>
  <testcase name="testGetPrice" time="0.000" classname="TestXunit.ShoppingTest"/>
</testsuite> <!-- TestXunit.ShoppingTest -->
