<?xml version="1.0" encoding="UTF-8"?>
<!-- Generated by org.testng.reporters.JUnitReportReporter -->
<testsuite skipped="0" hostname="out-backup.bta.net.cn" name="TestXunit.LoginTest" tests="3" failures="0" timestamp="23 十二月 2018 14:18:11 GMT" time="0.009" errors="0">
  <testcase name="testUserLogin1" time="0.009" classname="TestXunit.LoginTest"/>
  <testcase name="testUserLogin3" time="0.000" classname="TestXunit.LoginTest"/>
  <testcase name="testUserLogin2" time="0.000" classname="TestXunit.LoginTest"/>
</testsuite> <!-- TestXunit.LoginTest -->
